<?xml version="1.0" encoding="UTF-8"?>
<robot generator="Robot 3.2.1 (Python 3.8.4 on darwin)" generated="20200822 11:14:19.899" rpa="false">
<suite id="s1" name="Index" source="/Users/jonnyfewkes/PycharmProjects/applyApi/Tests/index.robot">
<test id="s1-t1" name="User can enter password">
<kw name="Begin web test" library="commonKeywords" type="setup">
<kw name="Open Browser" library="SeleniumLibrary">
<doc>Opens a new browser instance to the optional ``url``.</doc>
<arguments>
<arg>about:blank</arg>
<arg>chrome</arg>
</arguments>
<msg timestamp="20200822 11:14:20.241" level="INFO">Opening browser 'chrome' to base url 'about:blank'.</msg>
<status status="PASS" starttime="20200822 11:14:20.241" endtime="20200822 11:14:23.422"></status>
</kw>
<kw name="Maximize Browser Window" library="SeleniumLibrary">
<doc>Maximizes current browser window.</doc>
<status status="PASS" starttime="20200822 11:14:23.423" endtime="20200822 11:14:23.656"></status>
</kw>
<status status="PASS" starttime="20200822 11:14:20.240" endtime="20200822 11:14:23.657"></status>
</kw>
<kw name="Fill password" library="indexKeywords">
<kw name="Fill address" library="indexKeywords">
<kw name="Select resume type" library="indexKeywords">
<kw name="Fill job form" library="indexKeywords">
<kw name="Click job" library="indexKeywords">
<kw name="Open web page" library="landingPage">
<kw name="Go To" library="SeleniumLibrary">
<doc>Navigates the current browser window to the provided ``url``.</doc>
<arguments>
<arg>${URL}</arg>
</arguments>
<msg timestamp="20200822 11:14:23.664" level="INFO">Opening url 'https://lifestory.applicantpro.com/jobs/'</msg>
<status status="PASS" starttime="20200822 11:14:23.663" endtime="20200822 11:14:24.951"></status>
</kw>
<status status="PASS" starttime="20200822 11:14:23.662" endtime="20200822 11:14:24.952"></status>
</kw>
<kw name="Click job" library="landingPage">
<kw name="Click Element" library="SeleniumLibrary">
<doc>Click the element identified by ``locator``.</doc>
<arguments>
<arg>xpath://*[@id="job_listings"]/div/a[1]/div/h4</arg>
</arguments>
<msg timestamp="20200822 11:14:24.954" level="INFO">Clicking element 'xpath://*[@id="job_listings"]/div/a[1]/div/h4'.</msg>
<status status="PASS" starttime="20200822 11:14:24.953" endtime="20200822 11:14:25.898"></status>
</kw>
<kw name="Wait Until Page Contains" library="SeleniumLibrary">
<doc>Waits until ``text`` appears on the current page.</doc>
<arguments>
<arg>Apply for this Position</arg>
</arguments>
<status status="PASS" starttime="20200822 11:14:25.899" endtime="20200822 11:14:25.944"></status>
</kw>
<status status="PASS" starttime="20200822 11:14:24.952" endtime="20200822 11:14:25.944"></status>
</kw>
<status status="PASS" starttime="20200822 11:14:23.661" endtime="20200822 11:14:25.944"></status>
</kw>
<kw name="Enter first name" library="jobPage">
<kw name="Input Text" library="SeleniumLibrary">
<doc>Types the given ``text`` into the text field identified by ``locator``.</doc>
<arguments>
<arg>id=first_name</arg>
<arg>${firstName}</arg>
</arguments>
<msg timestamp="20200822 11:14:25.946" level="INFO">Typing text 'john' into text field 'id=first_name'.</msg>
<status status="PASS" starttime="20200822 11:14:25.945" endtime="20200822 11:14:26.182"></status>
</kw>
<status status="PASS" starttime="20200822 11:14:25.945" endtime="20200822 11:14:26.183"></status>
</kw>
<kw name="Enter last name" library="jobPage">
<kw name="Get Current Date" library="DateTime">
<doc>Returns current local or UTC time with an optional increment.</doc>
<arguments>
<arg>result_format=%Y-%m-%d %H:%M:%S.%f</arg>
</arguments>
<assign>
<var>${CurrentDate}</var>
</assign>
<msg timestamp="20200822 11:14:26.186" level="INFO">${CurrentDate} = 2020-08-22 11:14:26.185872</msg>
<status status="PASS" starttime="20200822 11:14:26.185" endtime="20200822 11:14:26.187"></status>
</kw>
<kw name="Convert Date" library="DateTime">
<doc>Converts between supported `date formats`.</doc>
<arguments>
<arg>${CurrentDate}</arg>
<arg>datetime</arg>
</arguments>
<assign>
<var>${datetime}</var>
</assign>
<msg timestamp="20200822 11:14:26.195" level="INFO">${datetime} = 2020-08-22 11:14:26.185872</msg>
<status status="PASS" starttime="20200822 11:14:26.187" endtime="20200822 11:14:26.195"></status>
</kw>
<kw name="Input Text" library="SeleniumLibrary">
<doc>Types the given ``text`` into the text field identified by ``locator``.</doc>
<arguments>
<arg>id=last_name</arg>
<arg>${lastName}${datetime.microsecond}</arg>
</arguments>
<msg timestamp="20200822 11:14:26.196" level="INFO">Typing text 'doe185872' into text field 'id=last_name'.</msg>
<status status="PASS" starttime="20200822 11:14:26.195" endtime="20200822 11:14:26.396"></status>
</kw>
<status status="PASS" starttime="20200822 11:14:26.184" endtime="20200822 11:14:26.396"></status>
</kw>
<kw name="Enter email" library="jobPage">
<kw name="Get Current Date" library="DateTime">
<doc>Returns current local or UTC time with an optional increment.</doc>
<arguments>
<arg>result_format=%Y-%m-%d %H:%M:%S.%f</arg>
</arguments>
<assign>
<var>${CurrentDate}</var>
</assign>
<msg timestamp="20200822 11:14:26.397" level="INFO">${CurrentDate} = 2020-08-22 11:14:26.397172</msg>
<status status="PASS" starttime="20200822 11:14:26.397" endtime="20200822 11:14:26.397"></status>
</kw>
<kw name="Convert Date" library="DateTime">
<doc>Converts between supported `date formats`.</doc>
<arguments>
<arg>${CurrentDate}</arg>
<arg>datetime</arg>
</arguments>
<assign>
<var>${datetime}</var>
</assign>
<msg timestamp="20200822 11:14:26.398" level="INFO">${datetime} = 2020-08-22 11:14:26.397172</msg>
<status status="PASS" starttime="20200822 11:14:26.398" endtime="20200822 11:14:26.398"></status>
</kw>
<kw name="Input Text" library="SeleniumLibrary">
<doc>Types the given ``text`` into the text field identified by ``locator``.</doc>
<arguments>
<arg>id=email</arg>
<arg>${firstName}${lastName}${datetime.microsecond}@applicantpro.com</arg>
</arguments>
<msg timestamp="20200822 11:14:26.400" level="INFO">Typing text 'johndoe397172@applicantpro.com' into text field 'id=email'.</msg>
<status status="PASS" starttime="20200822 11:14:26.399" endtime="20200822 11:14:26.818"></status>
</kw>
<kw name="Log" library="BuiltIn">
<doc>Logs the given message with the given level.</doc>
<arguments>
<arg>${MICROSECONDS}</arg>
</arguments>
<msg timestamp="20200822 11:14:26.821" level="INFO"></msg>
<status status="PASS" starttime="20200822 11:14:26.819" endtime="20200822 11:14:26.821"></status>
</kw>
<status status="PASS" starttime="20200822 11:14:26.396" endtime="20200822 11:14:26.821"></status>
</kw>
<kw name="Enter phone" library="jobPage">
<kw name="Input Text" library="SeleniumLibrary">
<doc>Types the given ``text`` into the text field identified by ``locator``.</doc>
<arguments>
<arg>id=contact_number</arg>
<arg>${phone}</arg>
</arguments>
<msg timestamp="20200822 11:14:26.826" level="INFO">Typing text '0000000000' into text field 'id=contact_number'.</msg>
<status status="PASS" starttime="20200822 11:14:26.824" endtime="20200822 11:14:27.017"></status>
</kw>
<status status="PASS" starttime="20200822 11:14:26.822" endtime="20200822 11:14:27.018"></status>
</kw>
<kw name="Click checkbox" library="jobPage">
<kw name="Click Element" library="SeleniumLibrary">
<doc>Click the element identified by ``locator``.</doc>
<arguments>
<arg>id=info_use_consent</arg>
</arguments>
<msg timestamp="20200822 11:14:27.018" level="INFO">Clicking element 'id=info_use_consent'.</msg>
<status status="PASS" starttime="20200822 11:14:27.018" endtime="20200822 11:14:27.151"></status>
</kw>
<status status="PASS" starttime="20200822 11:14:27.018" endtime="20200822 11:14:27.152"></status>
</kw>
<kw name="Click submit button" library="jobPage">
<kw name="Click Button" library="SeleniumLibrary">
<doc>Clicks the button identified by ``locator``.</doc>
<arguments>
<arg>id=apply_button</arg>
</arguments>
<msg timestamp="20200822 11:14:27.155" level="INFO">Clicking button 'id=apply_button'.</msg>
<status status="PASS" starttime="20200822 11:14:27.155" endtime="20200822 11:14:27.320"></status>
</kw>
<kw name="Wait Until Page Contains" library="SeleniumLibrary">
<doc>Waits until ``text`` appears on the current page.</doc>
<arguments>
<arg>Apply with Resume</arg>
</arguments>
<status status="PASS" starttime="20200822 11:14:27.320" endtime="20200822 11:14:27.553"></status>
</kw>
<status status="PASS" starttime="20200822 11:14:27.153" endtime="20200822 11:14:27.553"></status>
</kw>
<status status="PASS" starttime="20200822 11:14:23.661" endtime="20200822 11:14:27.553"></status>
</kw>
<kw name="Click no thanks" library="jobPage">
<kw name="Click Button" library="SeleniumLibrary">
<doc>Clicks the button identified by ``locator``.</doc>
<arguments>
<arg>id=no_thanks_button</arg>
</arguments>
<msg timestamp="20200822 11:14:27.554" level="INFO">Clicking button 'id=no_thanks_button'.</msg>
<status status="PASS" starttime="20200822 11:14:27.554" endtime="20200822 11:14:27.669"></status>
</kw>
<kw name="Wait Until Page Contains" library="SeleniumLibrary">
<doc>Waits until ``text`` appears on the current page.</doc>
<arguments>
<arg>What is your current mailing address</arg>
</arguments>
<status status="PASS" starttime="20200822 11:14:27.670" endtime="20200822 11:14:27.924"></status>
</kw>
<status status="PASS" starttime="20200822 11:14:27.553" endtime="20200822 11:14:27.924"></status>
</kw>
<status status="PASS" starttime="20200822 11:14:23.660" endtime="20200822 11:14:27.925"></status>
</kw>
<kw name="Enter address one" library="jobPage">
<kw name="Input Text" library="SeleniumLibrary">
<doc>Types the given ``text`` into the text field identified by ``locator``.</doc>
<arguments>
<arg>id=street1</arg>
<arg>321 east</arg>
</arguments>
<msg timestamp="20200822 11:14:27.927" level="INFO">Typing text '321 east' into text field 'id=street1'.</msg>
<status status="PASS" starttime="20200822 11:14:27.926" endtime="20200822 11:14:28.180"></status>
</kw>
<status status="PASS" starttime="20200822 11:14:27.925" endtime="20200822 11:14:28.180"></status>
</kw>
<kw name="Enter address two" library="jobPage">
<kw name="Input Text" library="SeleniumLibrary">
<doc>Types the given ``text`` into the text field identified by ``locator``.</doc>
<arguments>
<arg>id=street2</arg>
<arg>Jupiter Lane</arg>
</arguments>
<msg timestamp="20200822 11:14:28.181" level="INFO">Typing text 'Jupiter Lane' into text field 'id=street2'.</msg>
<status status="PASS" starttime="20200822 11:14:28.181" endtime="20200822 11:14:28.377"></status>
</kw>
<status status="PASS" starttime="20200822 11:14:28.180" endtime="20200822 11:14:28.378"></status>
</kw>
<kw name="Enter state" library="jobPage">
<kw name="Select From List By Value" library="SeleniumLibrary">
<doc>Selects options from selection list ``locator`` by ``values``.</doc>
<arguments>
<arg>id=state_id</arg>
<arg>45</arg>
</arguments>
<msg timestamp="20200822 11:14:28.380" level="INFO">Selecting options from selection list 'id=state_id' by value 45.</msg>
<status status="PASS" starttime="20200822 11:14:28.379" endtime="20200822 11:14:28.502"></status>
</kw>
<status status="PASS" starttime="20200822 11:14:28.378" endtime="20200822 11:14:28.503"></status>
</kw>
<kw name="Enter city" library="jobPage">
<kw name="Input Text" library="SeleniumLibrary">
<doc>Types the given ``text`` into the text field identified by ``locator``.</doc>
<arguments>
<arg>id=city</arg>
<arg>saratoga springs</arg>
</arguments>
<msg timestamp="20200822 11:14:28.504" level="INFO">Typing text 'saratoga springs' into text field 'id=city'.</msg>
<status status="PASS" starttime="20200822 11:14:28.504" endtime="20200822 11:14:28.802"></status>
</kw>
<status status="PASS" starttime="20200822 11:14:28.503" endtime="20200822 11:14:28.802"></status>
</kw>
<kw name="Enter zip" library="jobPage">
<kw name="Input Text" library="SeleniumLibrary">
<doc>Types the given ``text`` into the text field identified by ``locator``.</doc>
<arguments>
<arg>id=zip</arg>
<arg>84045</arg>
</arguments>
<msg timestamp="20200822 11:14:28.803" level="INFO">Typing text '84045' into text field 'id=zip'.</msg>
<status status="PASS" starttime="20200822 11:14:28.803" endtime="20200822 11:14:28.946"></status>
</kw>
<status status="PASS" starttime="20200822 11:14:28.802" endtime="20200822 11:14:28.947"></status>
</kw>
<kw name="Click save and continue" library="jobPage">
<kw name="Click Button" library="SeleniumLibrary">
<doc>Clicks the button identified by ``locator``.</doc>
<arguments>
<arg>id=save_contact_info_button</arg>
</arguments>
<msg timestamp="20200822 11:14:28.948" level="INFO">Clicking button 'id=save_contact_info_button'.</msg>
<status status="PASS" starttime="20200822 11:14:28.947" endtime="20200822 11:14:29.933"></status>
</kw>
<kw name="Wait Until Page Contains" library="SeleniumLibrary">
<doc>Waits until ``text`` appears on the current page.</doc>
<arguments>
<arg>Setup Password</arg>
</arguments>
<status status="PASS" starttime="20200822 11:14:29.934" endtime="20200822 11:14:29.959"></status>
</kw>
<status status="PASS" starttime="20200822 11:14:28.947" endtime="20200822 11:14:29.960"></status>
</kw>
<status status="PASS" starttime="20200822 11:14:23.659" endtime="20200822 11:14:29.961"></status>
</kw>
<kw name="Enter password" library="applyApi">
<kw name="Wait Until Page Contains" library="SeleniumLibrary">
<doc>Waits until ``text`` appears on the current page.</doc>
<arguments>
<arg>Choose Your Password</arg>
</arguments>
<status status="PASS" starttime="20200822 11:14:29.962" endtime="20200822 11:14:29.980"></status>
</kw>
<kw name="Input Text" library="SeleniumLibrary">
<doc>Types the given ``text`` into the text field identified by ``locator``.</doc>
<arguments>
<arg>id=password</arg>
<arg>p</arg>
</arguments>
<msg timestamp="20200822 11:14:29.981" level="INFO">Typing text 'p' into text field 'id=password'.</msg>
<status status="PASS" starttime="20200822 11:14:29.980" endtime="20200822 11:14:30.192"></status>
</kw>
<kw name="Sleep" library="BuiltIn">
<doc>Pauses the test executed for the given time.</doc>
<arguments>
<arg>.5</arg>
</arguments>
<msg timestamp="20200822 11:14:30.694" level="INFO">Slept 500 milliseconds</msg>
<status status="PASS" starttime="20200822 11:14:30.192" endtime="20200822 11:14:30.694"></status>
</kw>
<kw name="Input Text" library="SeleniumLibrary">
<doc>Types the given ``text`` into the text field identified by ``locator``.</doc>
<arguments>
<arg>id=password_confirm</arg>
<arg>p</arg>
</arguments>
<msg timestamp="20200822 11:14:30.695" level="INFO">Typing text 'p' into text field 'id=password_confirm'.</msg>
<status status="PASS" starttime="20200822 11:14:30.694" endtime="20200822 11:14:30.814"></status>
</kw>
<kw name="Click Button" library="SeleniumLibrary">
<doc>Clicks the button identified by ``locator``.</doc>
<arguments>
<arg>id=save_new_password</arg>
</arguments>
<msg timestamp="20200822 11:14:30.814" level="INFO">Clicking button 'id=save_new_password'.</msg>
<status status="PASS" starttime="20200822 11:14:30.814" endtime="20200822 11:14:30.921"></status>
</kw>
<kw name="Wait Until Page Contains" library="SeleniumLibrary">
<doc>Waits until ``text`` appears on the current page.</doc>
<arguments>
<arg>Password updated successfully</arg>
</arguments>
<status status="PASS" starttime="20200822 11:14:30.922" endtime="20200822 11:14:31.383"></status>
</kw>
<status status="PASS" starttime="20200822 11:14:29.961" endtime="20200822 11:14:31.383"></status>
</kw>
<kw name="Check resume" library="applyApi">
<kw name="Get Element Count" library="SeleniumLibrary">
<doc>Returns the number of elements matching ``locator``.</doc>
<arguments>
<arg>xpath=//*[@id="steps"]/a/span[text()="Resume"]</arg>
</arguments>
<assign>
<var>${c}</var>
</assign>
<msg timestamp="20200822 11:14:31.401" level="INFO">${c} = 1</msg>
<status status="PASS" starttime="20200822 11:14:31.384" endtime="20200822 11:14:31.401"></status>
</kw>
<kw name="Run Keyword If" library="BuiltIn">
<doc>Runs the given keyword with the given arguments, if ``condition`` is true.</doc>
<arguments>
<arg>${c}&gt;0</arg>
<arg>applyApi.Resume</arg>
</arguments>
<kw name="Resume" library="applyApi">
<kw name="Click Element" library="SeleniumLibrary">
<doc>Click the element identified by ``locator``.</doc>
<arguments>
<arg>xpath=//*[@id="steps"]/a/span[text()="Resume"]</arg>
</arguments>
<msg timestamp="20200822 11:14:31.404" level="INFO">Clicking element 'xpath=//*[@id="steps"]/a/span[text()="Resume"]'.</msg>
<status status="PASS" starttime="20200822 11:14:31.404" endtime="20200822 11:14:31.472"></status>
</kw>
<kw name="Wait Until Page Contains" library="SeleniumLibrary">
<doc>Waits until ``text`` appears on the current page.</doc>
<arguments>
<arg>Copy/Paste Text</arg>
</arguments>
<status status="PASS" starttime="20200822 11:14:31.472" endtime="20200822 11:14:31.941"></status>
</kw>
<kw name="Input Text" library="SeleniumLibrary">
<doc>Types the given ``text`` into the text field identified by ``locator``.</doc>
<arguments>
<arg>id=resume_text</arg>
<arg>my example resume</arg>
</arguments>
<msg timestamp="20200822 11:14:31.941" level="INFO">Typing text 'my example resume' into text field 'id=resume_text'.</msg>
<status status="PASS" starttime="20200822 11:14:31.941" endtime="20200822 11:14:32.293"></status>
</kw>
<kw name="Scroll Page To Location" library="applyApi">
<arguments>
<arg>0</arg>
<arg>2000</arg>
</arguments>
<kw name="Execute Javascript" library="SeleniumLibrary">
<doc>Executes the given JavaScript code with possible arguments.</doc>
<arguments>
<arg>window.scrollTo(${x_location},${y_location})</arg>
</arguments>
<msg timestamp="20200822 11:14:32.295" level="INFO">Executing JavaScript:
window.scrollTo(0,2000)
Without any arguments.</msg>
<status status="PASS" starttime="20200822 11:14:32.294" endtime="20200822 11:14:32.303"></status>
</kw>
<status status="PASS" starttime="20200822 11:14:32.293" endtime="20200822 11:14:32.304"></status>
</kw>
<kw name="Wait Until Element Is Visible" library="SeleniumLibrary">
<doc>Waits until the element ``locator`` is visible.</doc>
<arguments>
<arg>id=save_and_upload</arg>
</arguments>
<status status="PASS" starttime="20200822 11:14:32.305" endtime="20200822 11:14:32.345"></status>
</kw>
<kw name="Click Button" library="SeleniumLibrary">
<doc>Clicks the button identified by ``locator``.</doc>
<arguments>
<arg>id=save_and_upload</arg>
</arguments>
<msg timestamp="20200822 11:14:32.346" level="INFO">Clicking button 'id=save_and_upload'.</msg>
<status status="PASS" starttime="20200822 11:14:32.345" endtime="20200822 11:14:32.449"></status>
</kw>
<kw name="Sleep" library="BuiltIn">
<doc>Pauses the test executed for the given time.</doc>
<arguments>
<arg>2</arg>
</arguments>
<msg timestamp="20200822 11:14:34.452" level="INFO">Slept 2 seconds</msg>
<status status="PASS" starttime="20200822 11:14:32.450" endtime="20200822 11:14:34.452"></status>
</kw>
<status status="PASS" starttime="20200822 11:14:31.403" endtime="20200822 11:14:34.453"></status>
</kw>
<status status="PASS" starttime="20200822 11:14:31.402" endtime="20200822 11:14:34.453"></status>
</kw>
<status status="PASS" starttime="20200822 11:14:31.384" endtime="20200822 11:14:34.453"></status>
</kw>
<kw name="Employment History" library="applyApi">
<kw name="Click Element" library="SeleniumLibrary">
<doc>Click the element identified by ``locator``.</doc>
<arguments>
<arg>xpath=//*[@id="steps"]/a/span[text()="Employment History"]</arg>
</arguments>
<msg timestamp="20200822 11:14:34.454" level="INFO">Clicking element 'xpath=//*[@id="steps"]/a/span[text()="Employment History"]'.</msg>
<status status="PASS" starttime="20200822 11:14:34.454" endtime="20200822 11:14:34.513"></status>
</kw>
<kw name="Wait Until Page Contains" library="SeleniumLibrary">
<doc>Waits until ``text`` appears on the current page.</doc>
<arguments>
<arg>Add Employer</arg>
</arguments>
<status status="PASS" starttime="20200822 11:14:34.513" endtime="20200822 11:14:35.001"></status>
</kw>
<kw name="Input Text" library="SeleniumLibrary">
<doc>Types the given ``text`` into the text field identified by ``locator``.</doc>
<arguments>
<arg>id=company</arg>
<arg>my example company</arg>
</arguments>
<msg timestamp="20200822 11:14:35.002" level="INFO">Typing text 'my example company' into text field 'id=company'.</msg>
<status status="PASS" starttime="20200822 11:14:35.002" endtime="20200822 11:14:35.433"></status>
</kw>
<kw name="Click Element" library="SeleniumLibrary">
<doc>Click the element identified by ``locator``.</doc>
<arguments>
<arg>id=is_current_employer</arg>
</arguments>
<msg timestamp="20200822 11:14:35.434" level="INFO">Clicking element 'id=is_current_employer'.</msg>
<status status="PASS" starttime="20200822 11:14:35.434" endtime="20200822 11:14:35.551"></status>
</kw>
<kw name="Select From List By Value" library="SeleniumLibrary">
<doc>Selects options from selection list ``locator`` by ``values``.</doc>
<arguments>
<arg>id=dates_employed_start_month</arg>
<arg>1</arg>
</arguments>
<msg timestamp="20200822 11:14:35.551" level="INFO">Selecting options from selection list 'id=dates_employed_start_month' by value 1.</msg>
<status status="PASS" starttime="20200822 11:14:35.551" endtime="20200822 11:14:35.674"></status>
</kw>
<kw name="Select From List By Value" library="SeleniumLibrary">
<doc>Selects options from selection list ``locator`` by ``values``.</doc>
<arguments>
<arg>id=dates_employed_start_year</arg>
<arg>2012</arg>
</arguments>
<msg timestamp="20200822 11:14:35.675" level="INFO">Selecting options from selection list 'id=dates_employed_start_year' by value 2012.</msg>
<status status="PASS" starttime="20200822 11:14:35.675" endtime="20200822 11:14:35.800"></status>
</kw>
<kw name="Click Element" library="SeleniumLibrary">
<doc>Click the element identified by ``locator``.</doc>
<arguments>
<arg>id=may_we_contact_no</arg>
</arguments>
<msg timestamp="20200822 11:14:35.801" level="INFO">Clicking element 'id=may_we_contact_no'.</msg>
<status status="PASS" starttime="20200822 11:14:35.801" endtime="20200822 11:14:35.917"></status>
</kw>
<kw name="Scroll Page To Location" library="applyApi">
<arguments>
<arg>0</arg>
<arg>4000</arg>
</arguments>
<kw name="Execute Javascript" library="SeleniumLibrary">
<doc>Executes the given JavaScript code with possible arguments.</doc>
<arguments>
<arg>window.scrollTo(${x_location},${y_location})</arg>
</arguments>
<msg timestamp="20200822 11:14:35.920" level="INFO">Executing JavaScript:
window.scrollTo(0,4000)
Without any arguments.</msg>
<status status="PASS" starttime="20200822 11:14:35.918" endtime="20200822 11:14:35.931"></status>
</kw>
<status status="PASS" starttime="20200822 11:14:35.918" endtime="20200822 11:14:35.932"></status>
</kw>
<kw name="Sleep" library="BuiltIn">
<doc>Pauses the test executed for the given time.</doc>
<arguments>
<arg>.5</arg>
</arguments>
<msg timestamp="20200822 11:14:36.432" level="INFO">Slept 500 milliseconds</msg>
<status status="PASS" starttime="20200822 11:14:35.932" endtime="20200822 11:14:36.432"></status>
</kw>
<kw name="Click Button" library="SeleniumLibrary">
<doc>Clicks the button identified by ``locator``.</doc>
<arguments>
<arg>id=submit_employment</arg>
</arguments>
<msg timestamp="20200822 11:14:36.433" level="INFO">Clicking button 'id=submit_employment'.</msg>
<status status="PASS" starttime="20200822 11:14:36.433" endtime="20200822 11:14:36.531"></status>
</kw>
<kw name="Sleep" library="BuiltIn">
<doc>Pauses the test executed for the given time.</doc>
<arguments>
<arg>2</arg>
</arguments>
<msg timestamp="20200822 11:14:38.532" level="INFO">Slept 2 seconds</msg>
<status status="PASS" starttime="20200822 11:14:36.531" endtime="20200822 11:14:38.532"></status>
</kw>
<status status="PASS" starttime="20200822 11:14:34.453" endtime="20200822 11:14:38.532"></status>
</kw>
<kw name="Education" library="applyApi">
<kw name="Click Element" library="SeleniumLibrary">
<doc>Click the element identified by ``locator``.</doc>
<arguments>
<arg>xpath=//*[@id="steps"]/a/span[text()="Education"]</arg>
</arguments>
<msg timestamp="20200822 11:14:38.533" level="INFO">Clicking element 'xpath=//*[@id="steps"]/a/span[text()="Education"]'.</msg>
<status status="PASS" starttime="20200822 11:14:38.533" endtime="20200822 11:14:38.602"></status>
</kw>
<kw name="Wait Until Page Contains" library="SeleniumLibrary">
<doc>Waits until ``text`` appears on the current page.</doc>
<arguments>
<arg>Add Educational Experience</arg>
</arguments>
<status status="PASS" starttime="20200822 11:14:38.602" endtime="20200822 11:14:39.282"></status>
</kw>
<kw name="Input Text" library="SeleniumLibrary">
<doc>Types the given ``text`` into the text field identified by ``locator``.</doc>
<arguments>
<arg>id=name</arg>
<arg>example high school</arg>
</arguments>
<msg timestamp="20200822 11:14:39.298" level="INFO">Typing text 'example high school' into text field 'id=name'.</msg>
<status status="PASS" starttime="20200822 11:14:39.298" endtime="20200822 11:14:39.613"></status>
</kw>
<kw name="Select From List By Value" library="SeleniumLibrary">
<doc>Selects options from selection list ``locator`` by ``values``.</doc>
<arguments>
<arg>id=type_id</arg>
<arg>1</arg>
</arguments>
<msg timestamp="20200822 11:14:39.614" level="INFO">Selecting options from selection list 'id=type_id' by value 1.</msg>
<status status="PASS" starttime="20200822 11:14:39.614" endtime="20200822 11:14:39.715"></status>
</kw>
<kw name="Click Element" library="SeleniumLibrary">
<doc>Click the element identified by ``locator``.</doc>
<arguments>
<arg>id=did_graduate_yes</arg>
</arguments>
<msg timestamp="20200822 11:14:39.716" level="INFO">Clicking element 'id=did_graduate_yes'.</msg>
<status status="PASS" starttime="20200822 11:14:39.715" endtime="20200822 11:14:39.854"></status>
</kw>
<kw name="Scroll Page To Location" library="applyApi">
<arguments>
<arg>0</arg>
<arg>2000</arg>
</arguments>
<kw name="Execute Javascript" library="SeleniumLibrary">
<doc>Executes the given JavaScript code with possible arguments.</doc>
<arguments>
<arg>window.scrollTo(${x_location},${y_location})</arg>
</arguments>
<msg timestamp="20200822 11:14:39.859" level="INFO">Executing JavaScript:
window.scrollTo(0,2000)
Without any arguments.</msg>
<status status="PASS" starttime="20200822 11:14:39.857" endtime="20200822 11:14:39.909"></status>
</kw>
<status status="PASS" starttime="20200822 11:14:39.855" endtime="20200822 11:14:39.910"></status>
</kw>
<kw name="Click Element" library="SeleniumLibrary">
<doc>Click the element identified by ``locator``.</doc>
<arguments>
<arg>xpath=//*[@id="education_form"]/div[6]/div/input</arg>
</arguments>
<msg timestamp="20200822 11:14:39.910" level="INFO">Clicking element 'xpath=//*[@id="education_form"]/div[6]/div/input'.</msg>
<status status="PASS" starttime="20200822 11:14:39.910" endtime="20200822 11:14:40.019"></status>
</kw>
<kw name="Sleep" library="BuiltIn">
<doc>Pauses the test executed for the given time.</doc>
<arguments>
<arg>2</arg>
</arguments>
<msg timestamp="20200822 11:14:42.021" level="INFO">Slept 2 seconds</msg>
<status status="PASS" starttime="20200822 11:14:40.020" endtime="20200822 11:14:42.021"></status>
</kw>
<status status="PASS" starttime="20200822 11:14:38.533" endtime="20200822 11:14:42.021"></status>
</kw>
<kw name="Voluntary Disclosure" library="applyApi">
<kw name="Click Element" library="SeleniumLibrary">
<doc>Click the element identified by ``locator``.</doc>
<arguments>
<arg>xpath=//*[@id="steps"]/a/span[text()="Voluntary Disclosure"]</arg>
</arguments>
<msg timestamp="20200822 11:14:42.023" level="INFO">Clicking element 'xpath=//*[@id="steps"]/a/span[text()="Voluntary Disclosure"]'.</msg>
<status status="PASS" starttime="20200822 11:14:42.022" endtime="20200822 11:14:42.088"></status>
</kw>
<kw name="Wait Until Page Contains" library="SeleniumLibrary">
<doc>Waits until ``text`` appears on the current page.</doc>
<arguments>
<arg>Sex/Gender</arg>
</arguments>
<status status="PASS" starttime="20200822 11:14:42.089" endtime="20200822 11:14:42.550"></status>
</kw>
<kw name="Click Element" library="SeleniumLibrary">
<doc>Click the element identified by ``locator``.</doc>
<arguments>
<arg>xpath=//*[@id="new_eeoc"]/ul[1]/li[2]/div/fieldset/div[1]/label/input</arg>
</arguments>
<msg timestamp="20200822 11:14:42.551" level="INFO">Clicking element 'xpath=//*[@id="new_eeoc"]/ul[1]/li[2]/div/fieldset/div[1]/label/input'.</msg>
<status status="PASS" starttime="20200822 11:14:42.550" endtime="20200822 11:14:42.687"></status>
</kw>
<kw name="Scroll Page To Location" library="applyApi">
<arguments>
<arg>0</arg>
<arg>500</arg>
</arguments>
<kw name="Execute Javascript" library="SeleniumLibrary">
<doc>Executes the given JavaScript code with possible arguments.</doc>
<arguments>
<arg>window.scrollTo(${x_location},${y_location})</arg>
</arguments>
<msg timestamp="20200822 11:14:42.691" level="INFO">Executing JavaScript:
window.scrollTo(0,500)
Without any arguments.</msg>
<status status="PASS" starttime="20200822 11:14:42.690" endtime="20200822 11:14:42.701"></status>
</kw>
<status status="PASS" starttime="20200822 11:14:42.687" endtime="20200822 11:14:42.701"></status>
</kw>
<kw name="Sleep" library="BuiltIn">
<doc>Pauses the test executed for the given time.</doc>
<arguments>
<arg>.5</arg>
</arguments>
<msg timestamp="20200822 11:14:43.202" level="INFO">Slept 500 milliseconds</msg>
<status status="PASS" starttime="20200822 11:14:42.702" endtime="20200822 11:14:43.202"></status>
</kw>
<kw name="Click Element" library="SeleniumLibrary">
<doc>Click the element identified by ``locator``.</doc>
<arguments>
<arg>xpath=//*[@id="new_eeoc"]/ul[2]/li[2]/div/fieldset/div[1]/label/input</arg>
</arguments>
<msg timestamp="20200822 11:14:43.203" level="INFO">Clicking element 'xpath=//*[@id="new_eeoc"]/ul[2]/li[2]/div/fieldset/div[1]/label/input'.</msg>
<status status="PASS" starttime="20200822 11:14:43.203" endtime="20200822 11:14:43.274"></status>
</kw>
<kw name="Scroll Page To Location" library="applyApi">
<arguments>
<arg>0</arg>
<arg>1500</arg>
</arguments>
<kw name="Execute Javascript" library="SeleniumLibrary">
<doc>Executes the given JavaScript code with possible arguments.</doc>
<arguments>
<arg>window.scrollTo(${x_location},${y_location})</arg>
</arguments>
<msg timestamp="20200822 11:14:43.275" level="INFO">Executing JavaScript:
window.scrollTo(0,1500)
Without any arguments.</msg>
<status status="PASS" starttime="20200822 11:14:43.275" endtime="20200822 11:14:43.287"></status>
</kw>
<status status="PASS" starttime="20200822 11:14:43.274" endtime="20200822 11:14:43.287"></status>
</kw>
<kw name="Sleep" library="BuiltIn">
<doc>Pauses the test executed for the given time.</doc>
<arguments>
<arg>.5</arg>
</arguments>
<msg timestamp="20200822 11:14:43.788" level="INFO">Slept 500 milliseconds</msg>
<status status="PASS" starttime="20200822 11:14:43.287" endtime="20200822 11:14:43.788"></status>
</kw>
<kw name="Click Element" library="SeleniumLibrary">
<doc>Click the element identified by ``locator``.</doc>
<arguments>
<arg>xpath=//*[@id="new_eeoc"]/ul[3]/li[2]/div/fieldset/div[1]/label/input</arg>
</arguments>
<msg timestamp="20200822 11:14:43.789" level="INFO">Clicking element 'xpath=//*[@id="new_eeoc"]/ul[3]/li[2]/div/fieldset/div[1]/label/input'.</msg>
<status status="PASS" starttime="20200822 11:14:43.789" endtime="20200822 11:14:43.862"></status>
</kw>
<kw name="Scroll Page To Location" library="applyApi">
<arguments>
<arg>0</arg>
<arg>4000</arg>
</arguments>
<kw name="Execute Javascript" library="SeleniumLibrary">
<doc>Executes the given JavaScript code with possible arguments.</doc>
<arguments>
<arg>window.scrollTo(${x_location},${y_location})</arg>
</arguments>
<msg timestamp="20200822 11:14:43.864" level="INFO">Executing JavaScript:
window.scrollTo(0,4000)
Without any arguments.</msg>
<status status="PASS" starttime="20200822 11:14:43.863" endtime="20200822 11:14:43.875"></status>
</kw>
<status status="PASS" starttime="20200822 11:14:43.863" endtime="20200822 11:14:43.876"></status>
</kw>
<kw name="Sleep" library="BuiltIn">
<doc>Pauses the test executed for the given time.</doc>
<arguments>
<arg>.5</arg>
</arguments>
<msg timestamp="20200822 11:14:44.377" level="INFO">Slept 500 milliseconds</msg>
<status status="PASS" starttime="20200822 11:14:43.876" endtime="20200822 11:14:44.377"></status>
</kw>
<kw name="Select From List By Value" library="SeleniumLibrary">
<doc>Selects options from selection list ``locator`` by ``values``.</doc>
<arguments>
<arg>id=is_disabled</arg>
<arg>1</arg>
</arguments>
<msg timestamp="20200822 11:14:44.378" level="INFO">Selecting options from selection list 'id=is_disabled' by value 1.</msg>
<status status="PASS" starttime="20200822 11:14:44.377" endtime="20200822 11:14:44.466"></status>
</kw>
<kw name="Click Button" library="SeleniumLibrary">
<doc>Clicks the button identified by ``locator``.</doc>
<arguments>
<arg>id=next</arg>
</arguments>
<msg timestamp="20200822 11:14:44.469" level="INFO">Clicking button 'id=next'.</msg>
<status status="PASS" starttime="20200822 11:14:44.468" endtime="20200822 11:14:44.584"></status>
</kw>
<kw name="Sleep" library="BuiltIn">
<doc>Pauses the test executed for the given time.</doc>
<arguments>
<arg>.5</arg>
</arguments>
<msg timestamp="20200822 11:14:45.085" level="INFO">Slept 500 milliseconds</msg>
<status status="PASS" starttime="20200822 11:14:44.584" endtime="20200822 11:14:45.086"></status>
</kw>
<status status="PASS" starttime="20200822 11:14:42.022" endtime="20200822 11:14:45.086"></status>
</kw>
<kw name="Source" library="applyApi">
<kw name="Click Element" library="SeleniumLibrary">
<doc>Click the element identified by ``locator``.</doc>
<arguments>
<arg>xpath=//*[@id="steps"]/a/span[text()="Source"]</arg>
</arguments>
<msg timestamp="20200822 11:14:45.087" level="INFO">Clicking element 'xpath=//*[@id="steps"]/a/span[text()="Source"]'.</msg>
<status status="PASS" starttime="20200822 11:14:45.086" endtime="20200822 11:14:45.183"></status>
</kw>
<kw name="Sleep" library="BuiltIn">
<doc>Pauses the test executed for the given time.</doc>
<arguments>
<arg>.5</arg>
</arguments>
<msg timestamp="20200822 11:14:45.684" level="INFO">Slept 500 milliseconds</msg>
<status status="PASS" starttime="20200822 11:14:45.184" endtime="20200822 11:14:45.684"></status>
</kw>
<kw name="Wait Until Page Contains" library="SeleniumLibrary">
<doc>Waits until ``text`` appears on the current page.</doc>
<arguments>
<arg>How did you hear about this position</arg>
</arguments>
<status status="PASS" starttime="20200822 11:14:45.685" endtime="20200822 11:14:45.702"></status>
</kw>
<kw name="Select From List By Value" library="SeleniumLibrary">
<doc>Selects options from selection list ``locator`` by ``values``.</doc>
<arguments>
<arg>id=source_id</arg>
<arg>165103</arg>
</arguments>
<msg timestamp="20200822 11:14:45.702" level="INFO">Selecting options from selection list 'id=source_id' by value 165103.</msg>
<status status="PASS" starttime="20200822 11:14:45.702" endtime="20200822 11:14:45.815"></status>
</kw>
<kw name="Click Button" library="SeleniumLibrary">
<doc>Clicks the button identified by ``locator``.</doc>
<arguments>
<arg>id=next</arg>
</arguments>
<msg timestamp="20200822 11:14:45.815" level="INFO">Clicking button 'id=next'.</msg>
<status status="PASS" starttime="20200822 11:14:45.815" endtime="20200822 11:14:45.927"></status>
</kw>
<kw name="Sleep" library="BuiltIn">
<doc>Pauses the test executed for the given time.</doc>
<arguments>
<arg>.5</arg>
</arguments>
<msg timestamp="20200822 11:14:46.428" level="INFO">Slept 500 milliseconds</msg>
<status status="PASS" starttime="20200822 11:14:45.927" endtime="20200822 11:14:46.428"></status>
</kw>
<status status="PASS" starttime="20200822 11:14:45.086" endtime="20200822 11:14:46.429"></status>
</kw>
<kw name="Check job questions" library="applyApi">
<kw name="Get Element Count" library="SeleniumLibrary">
<doc>Returns the number of elements matching ``locator``.</doc>
<arguments>
<arg>xpath=//*[@id="steps"]/a/span[text()="Job Questions"]</arg>
</arguments>
<assign>
<var>${c}</var>
</assign>
<msg timestamp="20200822 11:14:46.445" level="INFO">${c} = 1</msg>
<status status="PASS" starttime="20200822 11:14:46.429" endtime="20200822 11:14:46.445"></status>
</kw>
<kw name="Run Keyword If" library="BuiltIn">
<doc>Runs the given keyword with the given arguments, if ``condition`` is true.</doc>
<arguments>
<arg>${c}&gt;0</arg>
<arg>applyApi.Job questions</arg>
</arguments>
<kw name="Job questions" library="applyApi">
<kw name="Click Element" library="SeleniumLibrary">
<doc>Click the element identified by ``locator``.</doc>
<arguments>
<arg>xpath=//*[@id="steps"]/a/span[text()="Job Questions"]</arg>
</arguments>
<msg timestamp="20200822 11:14:46.447" level="INFO">Clicking element 'xpath=//*[@id="steps"]/a/span[text()="Job Questions"]'.</msg>
<status status="PASS" starttime="20200822 11:14:46.447" endtime="20200822 11:14:46.519"></status>
</kw>
<kw name="Execute Manual Step" library="Dialogs">
<doc>Pauses test execution until user sets the keyword status.</doc>
<arguments>
<arg>Fill out Job Questions then click 'pass'</arg>
</arguments>
<msg timestamp="20200822 11:14:59.863" level="FAIL">adsf</msg>
<status status="FAIL" starttime="20200822 11:14:46.520" endtime="20200822 11:14:59.864"></status>
</kw>
<status status="FAIL" starttime="20200822 11:14:46.446" endtime="20200822 11:14:59.864"></status>
</kw>
<status status="FAIL" starttime="20200822 11:14:46.445" endtime="20200822 11:14:59.864"></status>
</kw>
<status status="FAIL" starttime="20200822 11:14:46.429" endtime="20200822 11:14:59.864"></status>
</kw>
<status status="FAIL" starttime="20200822 11:14:23.658" endtime="20200822 11:14:59.864"></status>
</kw>
<tags>
<tag>current</tag>
</tags>
<status status="FAIL" starttime="20200822 11:14:20.239" endtime="20200822 11:14:59.865" critical="yes">adsf</status>
</test>
<status status="FAIL" starttime="20200822 11:14:19.900" endtime="20200822 11:14:59.866"></status>
</suite>
<statistics>
<total>
<stat pass="0" fail="1">Critical Tests</stat>
<stat pass="0" fail="1">All Tests</stat>
</total>
<tag>
<stat pass="0" fail="1">current</stat>
</tag>
<suite>
<stat pass="0" fail="1" id="s1" name="Index">Index</stat>
</suite>
</statistics>
<errors>
</errors>
</robot>
